SubsPlease RSS
Found match: [SubsPlease] Haikyuu!! To The Top - 18 (1080p) [B8ED4D96].mkv
Found match: [SubsPlease] Jujutsu Kaisen - 05 (1080p) [EF869C97].mkv
Found match: [SubsPlease] Tonikaku Kawaii - 05 (1080p) [CEA0D883].mkv
Client is downloading: [SubsPlease] Jujutsu Kaisen - 05 (1080p) [EF869C97].mkv
Client is downloading: [SubsPlease] Haikyuu!! To The Top - 18 (1080p) [B8ED4D96].mkv
Client is downloading: [SubsPlease] Tonikaku Kawaii - 05 (1080p) [CEA0D883].mkv
Download finished for:  [SubsPlease] Tonikaku Kawaii - 05 (1080p) [CEA0D883].mkv
Grabbing upload link...
File Renamed!
/media/nlanson/ndrive/upload/Tonikaku-Kawaii---05
Uploading...
Download finished for:  [SubsPlease] Jujutsu Kaisen - 05 (1080p) [EF869C97].mkv
Grabbing upload link...
File Renamed!
/media/nlanson/ndrive/upload/Jujutsu-Kaisen---05
Uploading...
Download finished for:  [SubsPlease] Haikyuu!! To The Top - 18 (1080p) [B8ED4D96].mkv
Grabbing upload link...
File Renamed!
/media/nlanson/ndrive/upload/Haikyuu!!-To-The-Top---18
Uploading...
[SubsPlease] Tonikaku Kawaii - 05 (1080p) [CEA0D883].mkv has been uploaded and deleted.
[SubsPlease] Jujutsu Kaisen - 05 (1080p) [EF869C97].mkv has been uploaded and deleted.
,,All promises have been fulfilled. Terminating.
